<?xml version="1.0" encoding="UTF-8"?>
<!-- Generated by org.testng.reporters.JUnitXMLReporter -->
<testsuite ignored="0" hostname="LAPTOP-16FT4HA3" failures="1" tests="1" name="Login Test" time="15.544" errors="0" timestamp="2025-04-01T22:38:24 IST">
  <testcase classname="com.demoblaze.tests.LoginTest" name="invalidLoginTest" time="14.82">
    <failure type="java.lang.AssertionError" message="Login should fail expected [false] but found [true]">
      <![CDATA[java.lang.AssertionError: Login should fail expected [false] but found [true]
at com.demoblaze.tests.LoginTest.invalidLoginTest(LoginTest.java:47)
at java.base/java.util.ArrayList.forEach(ArrayList.java:1541)
... Removed 30 stack frames]]>
    </failure>
  </testcase> <!-- invalidLoginTest -->
</testsuite> <!-- Login Test -->
