<?xml version="1.0" encoding="UTF-8"?>
<testng-results ignored="0" total="1" passed="0" failed="1" skipped="0">
  <reporter-output>
  </reporter-output>
  <suite started-at="2025-04-04T18:38:36 IST" name="DemoBlaze Suite" finished-at="2025-04-04T18:38:42 IST" duration-ms="5552">
    <groups>
    </groups>
    <test started-at="2025-04-04T18:38:36 IST" name="LoginTest" finished-at="2025-04-04T18:38:42 IST" duration-ms="5552">
      <class name="com.demoblaze.tests.LoginTest">
        <test-method is-config="true" signature="setup()[pri:0, instance:com.demoblaze.tests.LoginTest@878452d]" started-at="2025-04-04T18:37:52 IST" name="setup" finished-at="2025-04-04T18:38:36 IST" duration-ms="43471" status="PASS">
          <reporter-output>
          </reporter-output>
        </test-method> <!-- setup -->
        <test-method is-config="true" signature="initPages()[pri:0, instance:com.demoblaze.tests.LoginTest@878452d]" started-at="2025-04-04T18:38:36 IST" name="initPages" finished-at="2025-04-04T18:38:36 IST" duration-ms="10" status="PASS">
          <reporter-output>
          </reporter-output>
        </test-method> <!-- initPages -->
        <test-method is-config="true" signature="setupExtentReportTest(org.testng.ITestResult)[pri:0, instance:com.demoblaze.tests.LoginTest@878452d]" started-at="2025-04-04T18:38:36 IST" name="setupExtentReportTest" finished-at="2025-04-04T18:38:36 IST" duration-ms="52" status="PASS">
          <params>
            <param index="0">
              <value>
                <![CDATA[[TestResult name={null} status=CREATED method=LoginTest.validLoginTest()[pri:0, instance:com.demoblaze.tests.LoginTest@878452d] output={null}]]]>
              </value>
            </param>
          </params>
          <reporter-output>
          </reporter-output>
        </test-method> <!-- setupExtentReportTest -->
        <test-method is-config="true" signature="initPages1()[pri:0, instance:com.demoblaze.tests.LoginTest@878452d]" started-at="2025-04-04T18:38:36 IST" name="initPages1" finished-at="2025-04-04T18:38:36 IST" duration-ms="0" status="PASS">
          <reporter-output>
          </reporter-output>
        </test-method> <!-- initPages1 -->
        <test-method signature="validLoginTest()[pri:0, instance:com.demoblaze.tests.LoginTest@878452d]" started-at="2025-04-04T18:38:36 IST" name="validLoginTest" finished-at="2025-04-04T18:38:39 IST" duration-ms="2477" status="FAIL">
          <exception class="java.lang.AssertionError">
            <message>
              <![CDATA[expected [2] but found [1]]]>
            </message>
            <full-stacktrace>
              <![CDATA[java.lang.AssertionError: expected [2] but found [1]
at org.testng.Assert.fail(Assert.java:99)
at org.testng.Assert.failNotEquals(Assert.java:1037)
at org.testng.Assert.assertEqualsImpl(Assert.java:140)
at org.testng.Assert.assertEquals(Assert.java:122)
at org.testng.Assert.assertEquals(Assert.java:629)
at org.testng.Assert.assertEquals(Assert.java:639)
at com.demoblaze.tests.LoginTest.validLoginTest(LoginTest.java:32)
at java.base/jdk.internal.reflect.NativeMethodAccessorImpl.invoke0(Native Method)
at java.base/jdk.internal.reflect.NativeMethodAccessorImpl.invoke(NativeMethodAccessorImpl.java:62)
at java.base/jdk.internal.reflect.DelegatingMethodAccessorImpl.invoke(DelegatingMethodAccessorImpl.java:43)
at java.base/java.lang.reflect.Method.invoke(Method.java:566)
at org.testng.internal.MethodInvocationHelper.invokeMethod(MethodInvocationHelper.java:133)
at org.testng.internal.TestInvoker.invokeMethod(TestInvoker.java:598)
at org.testng.internal.TestInvoker.invokeTestMethod(TestInvoker.java:173)
at org.testng.internal.MethodRunner.runInSequence(MethodRunner.java:46)
at org.testng.internal.TestInvoker$MethodInvocationAgent.invoke(TestInvoker.java:824)
at org.testng.internal.TestInvoker.invokeTestMethods(TestInvoker.java:146)
at org.testng.internal.TestMethodWorker.invokeTestMethods(TestMethodWorker.java:146)
at org.testng.internal.TestMethodWorker.run(TestMethodWorker.java:128)
at java.base/java.util.ArrayList.forEach(ArrayList.java:1541)
at org.testng.TestRunner.privateRun(TestRunner.java:794)
at org.testng.TestRunner.run(TestRunner.java:596)
at org.testng.SuiteRunner.runTest(SuiteRunner.java:377)
at org.testng.SuiteRunner.runSequentially(SuiteRunner.java:371)
at org.testng.SuiteRunner.privateRun(SuiteRunner.java:332)
at org.testng.SuiteRunner.run(SuiteRunner.java:276)
at org.testng.SuiteRunnerWorker.runSuite(SuiteRunnerWorker.java:53)
at org.testng.SuiteRunnerWorker.run(SuiteRunnerWorker.java:96)
at org.testng.TestNG.runSuitesSequentially(TestNG.java:1212)
at org.testng.TestNG.runSuitesLocally(TestNG.java:1134)
at org.testng.TestNG.runSuites(TestNG.java:1063)
at org.testng.TestNG.run(TestNG.java:1031)
at org.testng.remote.AbstractRemoteTestNG.run(AbstractRemoteTestNG.java:115)
at org.testng.remote.RemoteTestNG.initAndRun(RemoteTestNG.java:251)
at org.testng.remote.RemoteTestNG.main(RemoteTestNG.java:77)
]]>
            </full-stacktrace>
          </exception> <!-- java.lang.AssertionError -->
          <reporter-output>
          </reporter-output>
        </test-method> <!-- validLoginTest -->
        <test-method is-config="true" signature="screenshotCapture(org.testng.ITestResult)[pri:0, instance:com.demoblaze.tests.LoginTest@878452d]" started-at="2025-04-04T18:38:39 IST" name="screenshotCapture" finished-at="2025-04-04T18:38:42 IST" duration-ms="2880" status="PASS">
          <params>
            <param index="0">
              <value>
                <![CDATA[[TestResult name=validLoginTest status=FAILURE method=LoginTest.validLoginTest()[pri:0, instance:com.demoblaze.tests.LoginTest@878452d] output={null}]]]>
              </value>
            </param>
          </params>
          <reporter-output>
          </reporter-output>
        </test-method> <!-- screenshotCapture -->
        <test-method is-config="true" signature="tearDown()[pri:0, instance:com.demoblaze.tests.LoginTest@878452d]" started-at="2025-04-04T18:38:42 IST" name="tearDown" finished-at="2025-04-04T18:38:50 IST" duration-ms="7641" status="PASS">
          <reporter-output>
          </reporter-output>
        </test-method> <!-- tearDown -->
      </class> <!-- com.demoblaze.tests.LoginTest -->
    </test> <!-- LoginTest -->
  </suite> <!-- DemoBlaze Suite -->
</testng-results>
