<?xml version="1.0" encoding="UTF-8"?>
<testng-results ignored="0" total="1" passed="1" failed="0" skipped="0">
  <reporter-output>
  </reporter-output>
  <suite started-at="2025-04-04T22:41:32 IST" name="DemoBlaze Suite" finished-at="2025-04-04T22:42:47 IST" duration-ms="75412">
    <groups>
    </groups>
    <test started-at="2025-04-04T22:41:32 IST" name="LoginTest" finished-at="2025-04-04T22:42:47 IST" duration-ms="75412">
      <class name="com.demoblaze.tests.LoginTest">
        <test-method is-config="true" signature="setup()[pri:0, instance:com.demoblaze.tests.LoginTest@878452d]" started-at="2025-04-04T22:40:52 IST" name="setup" finished-at="2025-04-04T22:41:32 IST" duration-ms="39991" status="PASS">
          <reporter-output>
          </reporter-output>
        </test-method> <!-- setup -->
        <test-method is-config="true" signature="initPages()[pri:0, instance:com.demoblaze.tests.LoginTest@878452d]" started-at="2025-04-04T22:41:32 IST" name="initPages" finished-at="2025-04-04T22:41:32 IST" duration-ms="7" status="PASS">
          <reporter-output>
          </reporter-output>
        </test-method> <!-- initPages -->
        <test-method is-config="true" signature="setupExtentReportTest(org.testng.ITestResult)[pri:0, instance:com.demoblaze.tests.LoginTest@878452d]" started-at="2025-04-04T22:41:32 IST" name="setupExtentReportTest" finished-at="2025-04-04T22:41:32 IST" duration-ms="154" status="PASS">
          <params>
            <param index="0">
              <value>
                <![CDATA[[TestResult name={null} status=CREATED method=LoginTest.validLoginTest()[pri:0, instance:com.demoblaze.tests.LoginTest@878452d] output={null}]]]>
              </value>
            </param>
          </params>
          <reporter-output>
          </reporter-output>
        </test-method> <!-- setupExtentReportTest -->
        <test-method is-config="true" signature="initPages1()[pri:0, instance:com.demoblaze.tests.LoginTest@878452d]" started-at="2025-04-04T22:41:32 IST" name="initPages1" finished-at="2025-04-04T22:41:32 IST" duration-ms="0" status="PASS">
          <reporter-output>
          </reporter-output>
        </test-method> <!-- initPages1 -->
        <test-method signature="validLoginTest()[pri:0, instance:com.demoblaze.tests.LoginTest@878452d]" started-at="2025-04-04T22:41:32 IST" name="validLoginTest" finished-at="2025-04-04T22:42:47 IST" duration-ms="75075" status="PASS">
          <reporter-output>
          </reporter-output>
        </test-method> <!-- validLoginTest -->
        <test-method is-config="true" signature="screenshotCapture(org.testng.ITestResult)[pri:0, instance:com.demoblaze.tests.LoginTest@878452d]" started-at="2025-04-04T22:42:47 IST" name="screenshotCapture" finished-at="2025-04-04T22:42:47 IST" duration-ms="0" status="PASS">
          <params>
            <param index="0">
              <value>
                <![CDATA[[TestResult name=validLoginTest status=SUCCESS method=LoginTest.validLoginTest()[pri:0, instance:com.demoblaze.tests.LoginTest@878452d] output={null}]]]>
              </value>
            </param>
          </params>
          <reporter-output>
          </reporter-output>
        </test-method> <!-- screenshotCapture -->
        <test-method is-config="true" signature="tearDown()[pri:0, instance:com.demoblaze.tests.LoginTest@878452d]" started-at="2025-04-04T22:42:49 IST" name="tearDown" finished-at="2025-04-04T22:43:00 IST" duration-ms="10864" status="PASS">
          <reporter-output>
          </reporter-output>
        </test-method> <!-- tearDown -->
      </class> <!-- com.demoblaze.tests.LoginTest -->
    </test> <!-- LoginTest -->
  </suite> <!-- DemoBlaze Suite -->
</testng-results>
